<?xml version="1.0" encoding="UTF-8"?>
<!-- Generated by org.testng.reporters.JUnitReportReporter -->
<testsuite hostname="DESKTOP-2K9CCIH" failures="0" tests="1" name="SwiggyDemo.TestSteps.TestRunner$testRunner" time="55.244" errors="0" timestamp="2023-08-02T11:46:50 IST" skipped="0">
  <testcase classname="SwiggyDemo.TestSteps.TestRunner$testRunner" name="runScenario" time="55.244"/>
  <system-out/>
</testsuite> <!-- SwiggyDemo.TestSteps.TestRunner$testRunner -->
